<?xml version="1.0" encoding="UTF-8"?>
<!-- Generated by org.testng.reporters.JUnitReportReporter -->
<testsuite hostname="salsalabs7" name="com.masteringselenium.BasicTestWD" tests="2" failures="0" timestamp="16 May 2016 08:35:01 GMT" time="11.672" errors="0">
  <testcase name="googleCheeseExample" time="9.765" classname="com.masteringselenium.BasicTestWD"/>
  <testcase name="googleMilkExample" time="1.907" classname="com.masteringselenium.BasicTestWD"/>
</testsuite> <!-- com.masteringselenium.BasicTestWD -->
