<?xml version="1.0" encoding="UTF-8"?>
<!-- Generated by org.testng.reporters.JUnitReportReporter -->
<testsuite hostname="salsalabs7" name="com.masteringselenium.BasicTestWD" tests="2" failures="0" timestamp="17 May 2016 10:02:37 GMT" time="16.413" errors="0">
  <testcase name="googleCheeseExample" time="13.137" classname="com.masteringselenium.BasicTestWD"/>
  <testcase name="googleMilkExample" time="3.276" classname="com.masteringselenium.BasicTestWD"/>
</testsuite> <!-- com.masteringselenium.BasicTestWD -->
